c:\work\vyoma\samples\qrcodedetection\x64\debug\qrcodedetection.pch
c:\work\vyoma\samples\qrcodedetection\x64\debug\vc141.pdb
c:\work\vyoma\samples\qrcodedetection\x64\debug\vc141.idb
c:\work\vyoma\samples\qrcodedetection\x64\debug\stdafx.obj
c:\work\vyoma\samples\qrcodedetection\x64\debug\qrcodedetection.obj
c:\work\vyoma\samples\qrcodedetection\x64\debug\qrcodedetectiondlg.obj
c:\work\vyoma\samples\qrcodedetection\x64\debug\qrcodedetector.obj
c:\work\vyoma\samples\qrcodedetection\x64\debug\qrcodedetection.ilk
c:\work\vyoma\samples\qrcodedetection\x64\debug\qrcodedetection.exe
c:\work\vyoma\samples\qrcodedetection\x64\debug\qrcodedetection.pdb
c:\work\vyoma\samples\qrcodedetection\x64\debug\qrcodedetection.res
c:\work\vyoma\samples\qrcodedetection\x64\debug\qrcodedetection.tlog\cl.command.1.tlog
c:\work\vyoma\samples\qrcodedetection\x64\debug\qrcodedetection.tlog\cl.read.1.tlog
c:\work\vyoma\samples\qrcodedetection\x64\debug\qrcodedetection.tlog\cl.write.1.tlog
c:\work\vyoma\samples\qrcodedetection\x64\debug\qrcodedetection.tlog\link.command.1.tlog
c:\work\vyoma\samples\qrcodedetection\x64\debug\qrcodedetection.tlog\link.read.1.tlog
c:\work\vyoma\samples\qrcodedetection\x64\debug\qrcodedetection.tlog\link.write.1.tlog
c:\work\vyoma\samples\qrcodedetection\x64\debug\qrcodedetection.tlog\rc.command.1.tlog
c:\work\vyoma\samples\qrcodedetection\x64\debug\qrcodedetection.tlog\rc.read.1.tlog
c:\work\vyoma\samples\qrcodedetection\x64\debug\qrcodedetection.tlog\rc.write.1.tlog
